2021-04-04 00:55:50,979 INFO o.a.j.u.JMeterUtils: Setting Locale to en_EN
2021-04-04 00:55:50,992 INFO o.a.j.JMeter: Loading user properties from: D:\Software\apache-jmeter-5.0\bin\user.properties
2021-04-04 00:55:50,993 INFO o.a.j.JMeter: Loading system properties from: D:\Software\apache-jmeter-5.0\bin\system.properties
2021-04-04 00:55:50,997 INFO o.a.j.JMeter: Copyright (c) 1998-2018 The Apache Software Foundation
2021-04-04 00:55:50,997 INFO o.a.j.JMeter: Version 5.0 r1840935
2021-04-04 00:55:50,997 INFO o.a.j.JMeter: java.version=1.8.0_161
2021-04-04 00:55:50,997 INFO o.a.j.JMeter: java.vm.name=Java HotSpot(TM) 64-Bit Server VM
2021-04-04 00:55:50,997 INFO o.a.j.JMeter: os.name=Windows 10
2021-04-04 00:55:50,997 INFO o.a.j.JMeter: os.arch=amd64
2021-04-04 00:55:50,997 INFO o.a.j.JMeter: os.version=10.0
2021-04-04 00:55:50,997 INFO o.a.j.JMeter: file.encoding=Cp1252
2021-04-04 00:55:50,997 INFO o.a.j.JMeter: Max memory     =1073741824
2021-04-04 00:55:50,997 INFO o.a.j.JMeter: Available Processors =8
2021-04-04 00:55:51,001 INFO o.a.j.JMeter: Default Locale=English (EN)
2021-04-04 00:55:51,001 INFO o.a.j.JMeter: JMeter  Locale=English (EN)
2021-04-04 00:55:51,001 INFO o.a.j.JMeter: JMeterHome=D:\Software\apache-jmeter-5.0
2021-04-04 00:55:51,001 INFO o.a.j.JMeter: user.dir  =C:\Users\SALMAN\Desktop\Customer_Test_API_JMX
2021-04-04 00:55:51,001 INFO o.a.j.JMeter: PWD       =C:\Users\SALMAN\Desktop\Customer_Test_API_JMX
2021-04-04 00:55:55,565 INFO o.a.j.JMeter: IP: 192.168.56.1 Name: SALMAN-PC FullName: SALMAN-PC
2021-04-04 00:55:55,570 INFO o.a.j.JMeter: Setting property 'jmeter.reportgenerator.outputdir' to:'C:\Users\SALMAN\Desktop\Customer_Test_API_JMX\.\Reports'
2021-04-04 00:55:55,574 INFO o.a.j.s.FileServer: Default base='C:\Users\SALMAN\Desktop\Customer_Test_API_JMX'
2021-04-04 00:55:55,579 INFO o.a.j.s.FileServer: Set new base='C:\Users\SALMAN\Desktop\Customer_Test_API_JMX\.'
2021-04-04 00:55:55,685 INFO o.a.j.s.SaveService: Testplan (JMX) version: 2.2. Testlog (JTL) version: 2.2
2021-04-04 00:55:55,696 INFO o.a.j.s.SaveService: Using SaveService properties file encoding UTF-8
2021-04-04 00:55:55,699 INFO o.a.j.s.SaveService: Using SaveService properties version 5.0
2021-04-04 00:55:55,705 INFO o.a.j.s.SaveService: Loading file: .\customer_api.jmx
2021-04-04 00:55:55,742 INFO o.a.j.p.h.s.HTTPSamplerBase: Parser for text/html is org.apache.jmeter.protocol.http.parser.LagartoBasedHtmlParser
2021-04-04 00:55:55,742 INFO o.a.j.p.h.s.HTTPSamplerBase: Parser for application/xhtml+xml is org.apache.jmeter.protocol.http.parser.LagartoBasedHtmlParser
2021-04-04 00:55:55,742 INFO o.a.j.p.h.s.HTTPSamplerBase: Parser for application/xml is org.apache.jmeter.protocol.http.parser.LagartoBasedHtmlParser
2021-04-04 00:55:55,742 INFO o.a.j.p.h.s.HTTPSamplerBase: Parser for text/xml is org.apache.jmeter.protocol.http.parser.LagartoBasedHtmlParser
2021-04-04 00:55:55,742 INFO o.a.j.p.h.s.HTTPSamplerBase: Parser for text/vnd.wap.wml is org.apache.jmeter.protocol.http.parser.RegexpHTMLParser
2021-04-04 00:55:55,742 INFO o.a.j.p.h.s.HTTPSamplerBase: Parser for text/css is org.apache.jmeter.protocol.http.parser.CssParser
2021-04-04 00:55:55,777 INFO o.a.j.JMeter: Creating summariser <summary>
2021-04-04 00:55:55,781 INFO o.a.j.r.d.ReportGenerator: ReportGenerator will use for Parsing the separator: ','
2021-04-04 00:55:55,781 INFO o.a.j.r.d.ReportGenerator: Will generate report at end of test from  results file: ./result.xml
2021-04-04 00:55:55,781 INFO o.a.j.r.d.ReportGenerator: Reading report generator properties from: D:\Software\apache-jmeter-5.0\bin\reportgenerator.properties
2021-04-04 00:55:55,782 INFO o.a.j.r.d.ReportGenerator: Merging with JMeter properties
2021-04-04 00:55:55,785 INFO o.a.j.r.c.ReportGeneratorConfiguration: Property 'jmeter.reportgenerator.temp_dir' not found, using default value 'temp' instead.
2021-04-04 00:55:55,788 INFO o.a.j.r.c.ReportGeneratorConfiguration: Property 'jmeter.reportgenerator.apdex_per_transaction' not found, using default value 'null' instead.
2021-04-04 00:55:55,788 INFO o.a.j.r.c.ReportGeneratorConfiguration: apdex_per_transaction : {} is empty, not APDEX per transaction customization
2021-04-04 00:55:55,788 INFO o.a.j.r.c.ReportGeneratorConfiguration: Property 'jmeter.reportgenerator.sample_filter' not found, using default value 'null' instead.
2021-04-04 00:55:55,788 INFO o.a.j.r.c.ReportGeneratorConfiguration: Property 'jmeter.reportgenerator.report_title' not found, using default value 'null' instead.
2021-04-04 00:55:55,788 INFO o.a.j.r.c.ReportGeneratorConfiguration: Property 'jmeter.reportgenerator.start_date' not found, using default value 'null' instead.
2021-04-04 00:55:55,788 INFO o.a.j.r.c.ReportGeneratorConfiguration: Property 'jmeter.reportgenerator.end_date' not found, using default value 'null' instead.
2021-04-04 00:55:55,788 INFO o.a.j.r.c.ReportGeneratorConfiguration: Property 'jmeter.reportgenerator.date_format' not found, using default value 'null' instead.
2021-04-04 00:55:55,790 INFO o.a.j.r.c.ReportGeneratorConfiguration: Will use date range start date: null, end date: null
2021-04-04 00:55:55,793 INFO o.a.j.r.c.ReportGeneratorConfiguration: Property 'jmeter.reportgenerator.graph.totalTPS.exclude_controllers' not found, using default value 'false' instead.
2021-04-04 00:55:55,794 INFO o.a.j.r.c.ReportGeneratorConfiguration: Property 'jmeter.reportgenerator.graph.activeThreadsOverTime.exclude_controllers' not found, using default value 'false' instead.
2021-04-04 00:55:55,794 INFO o.a.j.r.c.ReportGeneratorConfiguration: Property 'jmeter.reportgenerator.graph.timeVsThreads.exclude_controllers' not found, using default value 'false' instead.
2021-04-04 00:55:55,794 INFO o.a.j.r.c.ReportGeneratorConfiguration: Property 'jmeter.reportgenerator.graph.responseTimeDistribution.exclude_controllers' not found, using default value 'false' instead.
2021-04-04 00:55:55,794 INFO o.a.j.r.c.ReportGeneratorConfiguration: Property 'jmeter.reportgenerator.graph.transactionsPerSecond.exclude_controllers' not found, using default value 'false' instead.
2021-04-04 00:55:55,794 INFO o.a.j.r.c.ReportGeneratorConfiguration: Property 'jmeter.reportgenerator.graph.responseTimePercentiles.exclude_controllers' not found, using default value 'false' instead.
2021-04-04 00:55:55,794 INFO o.a.j.r.c.ReportGeneratorConfiguration: Property 'jmeter.reportgenerator.graph.responseTimePercentilesOverTime.exclude_controllers' not found, using default value 'false' instead.
2021-04-04 00:55:55,794 INFO o.a.j.r.c.ReportGeneratorConfiguration: Property 'jmeter.reportgenerator.graph.responseTimesOverTime.exclude_controllers' not found, using default value 'false' instead.
2021-04-04 00:55:55,794 INFO o.a.j.r.c.ReportGeneratorConfiguration: Property 'jmeter.reportgenerator.graph.connectTimeOverTime.exclude_controllers' not found, using default value 'false' instead.
2021-04-04 00:55:55,794 INFO o.a.j.r.c.ReportGeneratorConfiguration: Property 'jmeter.reportgenerator.graph.latenciesOverTime.exclude_controllers' not found, using default value 'false' instead.
2021-04-04 00:55:55,796 INFO o.a.j.r.c.ReportGeneratorConfiguration: Property 'jmeter.reportgenerator.exporter.html.filters_only_sample_series' not found, using default value 'true' instead.
2021-04-04 00:55:55,796 INFO o.a.j.r.c.ReportGeneratorConfiguration: Property 'jmeter.reportgenerator.exporter.html.series_filter' not found, using default value '' instead.
2021-04-04 00:55:55,796 INFO o.a.j.r.c.ReportGeneratorConfiguration: Property 'jmeter.reportgenerator.exporter.html.show_controllers_only' not found, using default value 'false' instead.
2021-04-04 00:55:55,800 INFO o.a.j.e.StandardJMeterEngine: Running the test!
2021-04-04 00:55:55,800 INFO o.a.j.s.SampleEvent: List of sample_variables: []
2021-04-04 00:55:55,800 INFO o.a.j.s.SampleEvent: List of sample_variables: []
2021-04-04 00:55:55,807 INFO o.a.j.e.u.CompoundVariable: Note: Function class names must contain the string: '.functions.'
2021-04-04 00:55:55,807 INFO o.a.j.e.u.CompoundVariable: Note: Function class names must not contain the string: '.gui.'
2021-04-04 00:55:56,205 INFO o.a.j.JMeter: Running test (1617476156205)
2021-04-04 00:55:56,236 INFO o.a.j.e.StandardJMeterEngine: Starting ThreadGroup: 1 : Thread Group
2021-04-04 00:55:56,236 INFO o.a.j.e.StandardJMeterEngine: Starting 1 threads for group Thread Group.
2021-04-04 00:55:56,237 INFO o.a.j.e.StandardJMeterEngine: Thread will continue on error
2021-04-04 00:55:56,237 INFO o.a.j.t.ThreadGroup: Starting thread group... number=1 threads=1 ramp-up=1 perThread=1000.0 delayedStart=false
2021-04-04 00:55:56,241 INFO o.a.j.t.ThreadGroup: Started thread group number 1
2021-04-04 00:55:56,241 INFO o.a.j.e.StandardJMeterEngine: All thread groups have been started
2021-04-04 00:55:56,245 INFO o.a.j.t.JMeterThread: Thread started: Thread Group 1-1
2021-04-04 00:55:56,260 INFO o.a.j.p.h.s.HTTPHCAbstractImpl: Local host = SALMAN-PC
2021-04-04 00:55:56,267 INFO o.a.j.p.h.s.HTTPHC4Impl: HTTP request retry count = 0
2021-04-04 00:55:56,268 INFO o.a.j.s.SampleResult: Note: Sample TimeStamps are START times
2021-04-04 00:55:56,268 INFO o.a.j.s.SampleResult: sampleresult.default.encoding is set to ISO-8859-1
2021-04-04 00:55:56,268 INFO o.a.j.s.SampleResult: sampleresult.useNanoTime=true
2021-04-04 00:55:56,268 INFO o.a.j.s.SampleResult: sampleresult.nanoThreadSleep=5000
2021-04-04 00:55:56,452 INFO o.a.j.p.h.s.h.LazyLayeredConnectionSocketFactory: Setting up HTTPS TrustAll Socket Factory
2021-04-04 00:55:56,457 INFO o.a.j.u.JsseSSLManager: Using default SSL protocol: TLS
2021-04-04 00:55:56,457 INFO o.a.j.u.JsseSSLManager: SSL session context: per-thread
2021-04-04 00:55:57,056 INFO o.a.j.u.SSLManager: JmeterKeyStore Location:  type JKS
2021-04-04 00:55:57,057 INFO o.a.j.u.SSLManager: KeyStore created OK
2021-04-04 00:55:57,057 WARN o.a.j.u.SSLManager: Keystore file not found, loading empty keystore
2021-04-04 00:56:00,323 INFO o.a.j.r.Summariser: summary +      2 in 00:00:04 =    0.5/s Avg:  1982 Min:  1297 Max:  2668 Err:     0 (0.00%) Active: 1 Started: 1 Finished: 0
2021-04-04 00:56:01,141 INFO o.a.j.m.JSR223PreProcessor: ----- Calling user info generating API -----
2021-04-04 00:56:02,546 INFO o.a.j.m.JSR223PreProcessor: ----- Response -----
2021-04-04 00:56:02,546 INFO o.a.j.m.JSR223PreProcessor: {"name":"Dr. Nicholaus Feil","address":"483 Modesta Harbors\nAftontown, AR 99889","latitude":-29.38111,"longitude":-64.031665,"maiden_name":"Jast","birth_data":"1964-01-31","phone_h":"1-409-986-7126x90120","phone_w":"+08(7)8936695182","email_u":"adams.perry","email_d":"bitesatlanta.com","username":"deltalind","password":"(EwMm!U1[}j(3cf","domain":"rice.com","useragent":"Mozilla\/5.0 (X11; Linux x86_64; rv:6.0) Gecko\/20200106 Firefox\/37.0","ipv4":"231.221.156.201","macaddress":"17:63:D3:1C:FB:AE","plasticcard":"5582856053567574","cardexpir":"09\/22","bonus":43,"company":"Christiansen, Ebert and Bruen","color":"navy","uuid":"c3451d4c-32d8-3199-9287-80853b061445","height":183,"weight":60.6,"blood":"B+","eye":"Amber","hair":"Straight, Black","pict":"12male","url":"https:\/\/api.namefake.com\/english-united-states\/male\/c7b56d7fb49e166a2acf227700df2020","sport":"Basketball","ipv4_url":"\/\/myip-address.com\/ip-lookup\/231.221.156.201","email_url":"\/\/emailfake.com\/bitesatlanta.com\/adams.perry","domain_url":"\/\/myip-address.com\/ip-lookup\/rice.com"}
2021-04-04 00:56:04,199 INFO o.a.j.t.JMeterThread: Thread is done: Thread Group 1-1
2021-04-04 00:56:04,200 INFO o.a.j.t.JMeterThread: Thread finished: Thread Group 1-1
2021-04-04 00:56:04,200 INFO o.a.j.e.StandardJMeterEngine: Notifying test listeners of end of test
2021-04-04 00:56:04,201 INFO o.a.j.r.Summariser: summary +      4 in 00:00:04 =    1.0/s Avg:   557 Min:   296 Max:  1335 Err:     2 (50.00%) Active: 0 Started: 1 Finished: 1
2021-04-04 00:56:04,202 INFO o.a.j.r.Summariser: summary =      6 in 00:00:08 =    0.8/s Avg:  1032 Min:   296 Max:  2668 Err:     2 (33.33%)
2021-04-04 00:56:04,202 INFO o.a.j.JMeter: Generating Dashboard
2021-04-04 00:56:04,202 INFO o.a.j.r.d.ReportGenerator: Flushing result collector before report Generation
2021-04-04 00:56:04,211 INFO o.a.j.r.p.NormalizerSampleConsumer: Using format, 'ms', to parse timeStamp field
2021-04-04 00:56:04,271 INFO o.a.j.r.p.AbstractSampleConsumer: class org.apache.jmeter.report.processor.AggregateConsumer#stopProducing(): beginDate produced 0 samples
2021-04-04 00:56:04,271 INFO o.a.j.r.p.AbstractSampleConsumer: class org.apache.jmeter.report.processor.AggregateConsumer#stopProducing(): endDate produced 0 samples
2021-04-04 00:56:04,272 INFO o.a.j.r.p.AbstractSampleConsumer: class org.apache.jmeter.report.processor.ApdexSummaryConsumer#stopProducing(): apdexSummary produced 0 samples
2021-04-04 00:56:04,273 INFO o.a.j.r.p.AbstractSampleConsumer: class org.apache.jmeter.report.processor.RequestsSummaryConsumer#stopProducing(): requestsSummary produced 0 samples
2021-04-04 00:56:04,279 INFO o.a.j.r.p.AbstractSampleConsumer: class org.apache.jmeter.report.processor.StatisticsSummaryConsumer#stopProducing(): statisticsSummary produced 0 samples
2021-04-04 00:56:04,282 INFO o.a.j.r.p.AbstractSampleConsumer: class org.apache.jmeter.report.processor.Top5ErrorsBySamplerConsumer#stopProducing(): top5ErrorsBySampler produced 0 samples
2021-04-04 00:56:04,283 INFO o.a.j.r.p.AbstractSampleConsumer: class org.apache.jmeter.report.processor.ErrorsSummaryConsumer#stopProducing(): errorsSummary produced 0 samples
2021-04-04 00:56:04,283 INFO o.a.j.r.p.AbstractSampleConsumer: class org.apache.jmeter.report.processor.graph.impl.HitsPerSecondGraphConsumer#stopProducing(): hitsPerSecond produced 0 samples
2021-04-04 00:56:04,293 INFO o.a.j.r.p.AbstractSampleConsumer: class org.apache.jmeter.report.processor.graph.impl.LatencyVSRequestGraphConsumer#stopProducing(): latencyVsRequest produced 0 samples
2021-04-04 00:56:04,293 INFO o.a.j.r.p.AbstractSampleConsumer: class org.apache.jmeter.report.processor.graph.impl.SyntheticResponseTimeDistributionGraphConsumer#stopProducing(): syntheticResponseTimeDistribution produced 0 samples
2021-04-04 00:56:04,294 INFO o.a.j.r.p.AbstractSampleConsumer: class org.apache.jmeter.report.processor.graph.impl.BytesThroughputGraphConsumer#stopProducing(): bytesThroughputOverTime produced 0 samples
2021-04-04 00:56:04,294 INFO o.a.j.r.p.AbstractSampleConsumer: class org.apache.jmeter.report.processor.graph.impl.CodesPerSecondGraphConsumer#stopProducing(): codesPerSecond produced 0 samples
2021-04-04 00:56:04,297 INFO o.a.j.r.p.AbstractSampleConsumer: class org.apache.jmeter.report.processor.graph.impl.ResponseTimeVSRequestGraphConsumer#stopProducing(): responseTimeVsRequest produced 0 samples
2021-04-04 00:56:04,297 INFO o.a.j.r.p.AbstractSampleConsumer: class org.apache.jmeter.report.processor.FilterConsumer#stopProducing(): startIntervalControlerFilter produced 42 samples
2021-04-04 00:56:04,297 INFO o.a.j.r.p.AbstractSampleConsumer: class org.apache.jmeter.report.processor.graph.impl.TotalTPSGraphConsumer#stopProducing(): totalTPS produced 0 samples
2021-04-04 00:56:04,297 INFO o.a.j.r.p.AbstractSampleConsumer: class org.apache.jmeter.report.processor.graph.impl.ActiveThreadsGraphConsumer#stopProducing(): activeThreadsOverTime produced 0 samples
2021-04-04 00:56:04,297 INFO o.a.j.r.p.AbstractSampleConsumer: class org.apache.jmeter.report.processor.graph.impl.TimeVSThreadGraphConsumer#stopProducing(): timeVsThreads produced 0 samples
2021-04-04 00:56:04,298 INFO o.a.j.r.p.AbstractSampleConsumer: class org.apache.jmeter.report.processor.graph.impl.ResponseTimeDistributionGraphConsumer#stopProducing(): responseTimeDistribution produced 0 samples
2021-04-04 00:56:04,298 INFO o.a.j.r.p.AbstractSampleConsumer: class org.apache.jmeter.report.processor.graph.impl.TransactionsPerSecondGraphConsumer#stopProducing(): transactionsPerSecond produced 0 samples
2021-04-04 00:56:04,298 INFO o.a.j.r.p.AbstractSampleConsumer: class org.apache.jmeter.report.processor.graph.impl.ResponseTimePercentilesGraphConsumer#stopProducing(): responseTimePercentiles produced 0 samples
2021-04-04 00:56:04,299 INFO o.a.j.r.p.AbstractSampleConsumer: class org.apache.jmeter.report.processor.graph.impl.ResponseTimePercentilesOverTimeGraphConsumer#stopProducing(): responseTimePercentilesOverTime produced 0 samples
2021-04-04 00:56:04,299 INFO o.a.j.r.p.AbstractSampleConsumer: class org.apache.jmeter.report.processor.graph.impl.ResponseTimeOverTimeGraphConsumer#stopProducing(): responseTimesOverTime produced 0 samples
2021-04-04 00:56:04,299 INFO o.a.j.r.p.AbstractSampleConsumer: class org.apache.jmeter.report.processor.graph.impl.ConnectTimeOverTimeGraphConsumer#stopProducing(): connectTimeOverTime produced 0 samples
2021-04-04 00:56:04,300 INFO o.a.j.r.p.AbstractSampleConsumer: class org.apache.jmeter.report.processor.graph.impl.LatencyOverTimeGraphConsumer#stopProducing(): latenciesOverTime produced 0 samples
2021-04-04 00:56:04,300 INFO o.a.j.r.p.AbstractSampleConsumer: class org.apache.jmeter.report.processor.FilterConsumer#stopProducing(): nameFilter produced 90 samples
2021-04-04 00:56:04,300 INFO o.a.j.r.p.AbstractSampleConsumer: class org.apache.jmeter.report.processor.FilterConsumer#stopProducing(): dateRangeFilter produced 18 samples
2021-04-04 00:56:04,300 INFO o.a.j.r.p.AbstractSampleConsumer: class org.apache.jmeter.report.processor.NormalizerSampleConsumer#stopProducing(): normalizer produced 6 samples
2021-04-04 00:56:04,300 INFO o.a.j.r.p.CsvFileSampleSource: produce(): 6 samples produced in 67ms on channel 0
2021-04-04 00:56:04,300 INFO o.a.j.r.d.ReportGenerator: Exporting data using exporter:'html' of className:'org.apache.jmeter.report.dashboard.HtmlTemplateExporter'
2021-04-04 00:56:04,303 INFO o.a.j.r.d.HtmlTemplateExporter: Will generate dashboard in folder: C:\Users\SALMAN\Desktop\Customer_Test_API_JMX\.\Reports
2021-04-04 00:56:04,369 INFO o.a.j.r.d.HtmlTemplateExporter: Report will be generated in: C:\Users\SALMAN\Desktop\Customer_Test_API_JMX\.\Reports, creating folder structure
2021-04-04 00:56:04,716 INFO o.a.j.JMeter: Dashboard generated
